<?xml version="1.0" encoding="UTF-8"?>
<!-- Generated by org.testng.reporters.JUnitReportReporter -->
<testsuite skipped="0" hostname="MSI" name="com.crm.qa.testcases.HomePageTest" tests="2" failures="0" timestamp="04 May 2019 15:36:46 GMT" time="17.790" errors="0">
  <testcase name="homePageSuccessTest" time="8.810" classname="com.crm.qa.testcases.HomePageTest"/>
  <testcase name="logoutTest" time="8.980" classname="com.crm.qa.testcases.HomePageTest"/>
</testsuite> <!-- com.crm.qa.testcases.HomePageTest -->
