<?xml version="1.0" encoding="UTF-8"?>
<!-- Generated by org.testng.reporters.JUnitReportReporter -->
<testsuite skipped="0" hostname="MSI" name="com.crm.qa.testcases.HomePageTest" tests="2" failures="0" timestamp="04 May 2019 15:29:07 GMT" time="18.586" errors="0">
  <testcase name="homePageSuccessTest" time="8.670" classname="com.crm.qa.testcases.HomePageTest"/>
  <testcase name="logoutTest" time="9.916" classname="com.crm.qa.testcases.HomePageTest"/>
</testsuite> <!-- com.crm.qa.testcases.HomePageTest -->
