<?xml version="1.0" encoding="UTF-8"?>
<!-- Generated by org.testng.reporters.JUnitReportReporter -->
<testsuite skipped="0" hostname="MSI" name="com.crm.qa.testcases.HomePageTest" tests="2" failures="0" timestamp="03 May 2019 19:50:05 GMT" time="17.826" errors="0">
  <testcase name="homePageSuccessTest" time="8.502" classname="com.crm.qa.testcases.HomePageTest"/>
  <testcase name="logoutTest" time="9.324" classname="com.crm.qa.testcases.HomePageTest"/>
</testsuite> <!-- com.crm.qa.testcases.HomePageTest -->
