<?xml version="1.0" encoding="UTF-8"?>
<!-- Generated by org.testng.reporters.JUnitReportReporter -->
<testsuite skipped="0" hostname="MSI" name="com.crm.qa.testcases.LoginPageTest" tests="6" failures="0" timestamp="03 May 2019 21:05:56 GMT" time="51.223" errors="0">
  <testcase name="validateLoginPage" time="7.727" classname="com.crm.qa.testcases.LoginPageTest"/>
  <testcase name="loginTest" time="8.843" classname="com.crm.qa.testcases.LoginPageTest"/>
  <testcase name="validateInvalidLogins" time="8.356" classname="com.crm.qa.testcases.LoginPageTest"/>
  <testcase name="validateInvalidLogins" time="8.826" classname="com.crm.qa.testcases.LoginPageTest"/>
  <testcase name="validateInvalidLogins" time="8.840" classname="com.crm.qa.testcases.LoginPageTest"/>
  <testcase name="validateInvalidLogins" time="8.631" classname="com.crm.qa.testcases.LoginPageTest"/>
</testsuite> <!-- com.crm.qa.testcases.LoginPageTest -->
